<?xml version="1.0" encoding="UTF-8"?>
<testsuite name="org.mahmoud.socialApp.PublisherTest" tests="2" skipped="0" failures="0" errors="0" timestamp="2021-03-07T15:55:09" hostname="DESKTOP-UBBP228" time="0.027">
  <properties/>
  <testcase name="userPublishOnePost()" classname="org.mahmoud.socialApp.PublisherTest" time="0.025"/>
  <testcase name="userPublishTwoPosts()" classname="org.mahmoud.socialApp.PublisherTest" time="0.001"/>
  <system-out><![CDATA[]]></system-out>
  <system-err><![CDATA[]]></system-err>
</testsuite>
