<?xml version="1.0" encoding="UTF-8"?>
<testsuite name="org.mahmoud.socialApp.PublisherTest" tests="1" skipped="0" failures="0" errors="0" timestamp="2021-03-07T15:40:24" hostname="DESKTOP-UBBP228" time="0.02">
  <properties/>
  <testcase name="userPublishOnePost()" classname="org.mahmoud.socialApp.PublisherTest" time="0.02"/>
  <system-out><![CDATA[]]></system-out>
  <system-err><![CDATA[]]></system-err>
</testsuite>
